finalproject/notebook/app/build/intermediates/manifest_merge_blame_file/debug/manifest-merger-blame-debug-report.txt
1<?xml version="1.0" encoding="utf-8"?>
2<manifest xmlns:android="http://schemas.android.com/apk/res/android"
3    package="com.example.note"
4    android:versionCode="1"
5    android:versionName="1.0" >
6
7    <uses-sdk
8        android:minSdkVersion="21"
8-->src/main/AndroidManifest.xml
9        android:targetSdkVersion="30" />
9-->src/main/AndroidManifest.xml
10
11    <uses-permission android:name="android.permission.INTERNET" />
11-->src/main/AndroidManifest.xml:6:5-67
11-->src/main/AndroidManifest.xml:6:22-64
12
13    <application
13-->src/main/AndroidManifest.xml:8:5-38:19
14        android:name="com.example.note.App"
14-->src/main/AndroidManifest.xml:9:9-28
15        android:allowBackup="true"
15-->src/main/AndroidManifest.xml:10:9-35
16        android:appComponentFactory="androidx.core.app.CoreComponentFactory"
16-->[androidx.core:core:1.3.1] AndroidManifest.xml:24:18-86
17        android:debuggable="true"
18        android:icon="@drawable/note_logo"
18-->src/main/AndroidManifest.xml:11:9-43
19        android:label="@string/app_name"
19-->src/main/AndroidManifest.xml:12:9-41
20        android:supportsRtl="true"
20-->src/main/AndroidManifest.xml:14:9-35
21        android:testOnly="true"
22        android:theme="@style/DayTheme" >
22-->src/main/AndroidManifest.xml:15:9-40
23        <activity
23-->src/main/AndroidManifest.xml:16:9-18:39
24            android:name="com.example.note.wallpaper"
24-->src/main/AndroidManifest.xml:17:13-38
25            android:exported="true" />
25-->src/main/AndroidManifest.xml:18:13-36
26        <activity android:name="com.example.note.EditActivity" />
26-->src/main/AndroidManifest.xml:19:9-50
26-->src/main/AndroidManifest.xml:19:19-47
27        <activity android:name="com.example.note.MainActivity" >
27-->src/main/AndroidManifest.xml:20:9-26:20
27-->src/main/AndroidManifest.xml:20:19-47
28            <intent-filter>
28-->src/main/AndroidManifest.xml:21:13-25:29
29                <action android:name="android.intent.action.MAIN" />
29-->src/main/AndroidManifest.xml:22:17-69
29-->src/main/AndroidManifest.xml:22:25-66
30
31                <category android:name="android.intent.category.LAUNCHER" />
31-->src/main/AndroidManifest.xml:24:17-77
31-->src/main/AndroidManifest.xml:24:27-74
32            </intent-filter>
33        </activity>
34        <activity android:name="com.example.note.UserSettingsActivity" />
34-->src/main/AndroidManifest.xml:27:9-58
34-->src/main/AndroidManifest.xml:27:19-55
35        <activity android:name="com.example.note.translate.TranslateActivity" />
35-->src/main/AndroidManifest.xml:28:9-65
35-->src/main/AndroidManifest.xml:28:19-62
36
37        <provider
37-->src/main/AndroidManifest.xml:29:9-37:20
38            android:name="androidx.core.content.FileProvider"
38-->src/main/AndroidManifest.xml:30:13-62
39            android:authorities="com.example.cameraalbumtest1.fileprovider"
39-->src/main/AndroidManifest.xml:31:13-76
40            android:exported="false"
40-->src/main/AndroidManifest.xml:32:13-37
41            android:grantUriPermissions="true" >
41-->src/main/AndroidManifest.xml:33:13-47
42            <meta-data
42-->src/main/AndroidManifest.xml:34:13-36:54
43                android:name="android.support.FILE_PROVIDER_PATHS"
43-->src/main/AndroidManifest.xml:35:17-67
44                android:resource="@xml/file_paths" />
44-->src/main/AndroidManifest.xml:36:17-51
45        </provider>
46    </application>
47
48</manifest>